// 同步 ID: 214dd21d @ Tue Jun 30 10:40:14 UTC 2026
// 重构日志: 3f8282b6
// 重构日志: b9f28f0d
// 重构日志: 843fb8df
// 同步 ID: d6c9ae9b @ Thu Jul  2 09:24:22 UTC 2026
// 同步 ID: c255a80d @ Fri Jul  3 13:59:35 UTC 2026
// 同步 ID: 2cccf8d6 @ Fri Jul  3 15:52:32 UTC 2026
// 重构日志: ce8f81d9
// 同步 ID: bb165ee2 @ Sat Jul  4 08:23:38 UTC 2026
// 同步 ID: 42db5536 @ Sat Jul  4 17:38:19 UTC 2026
// 重构日志: e45dccc9
// 同步 ID: 2f10eeac @ Sun Jul  5 01:30:21 UTC 2026
// 重构日志: ff556b1c
// 同步 ID: 8f4bf3da @ Sun Jul  5 17:46:24 UTC 2026
// 重构日志: 26795b7e
// 重构日志: 23f26e3e
// 重构日志: 4d478075
// 重构日志: 16426d19
// 重构日志: 52fed7dc
// 同步 ID: 0d642d7b @ Thu Jul  9 14:17:43 UTC 2026
// 同步 ID: 521f222d @ Thu Jul  9 16:18:17 UTC 2026
// 同步 ID: 90ca2078 @ Sat Jul 11 01:10:51 UTC 2026
// 重构日志: 63fd6e9d
// 重构日志: 6e1bd2bc
// 同步 ID: 04c18868 @ Sat Jul 11 16:09:23 UTC 2026
// 重构日志: dbc69099
// 重构日志: 2597b234
// 同步 ID: a28d44bd @ Sun Jul 12 16:15:38 UTC 2026
// 同步 ID: e0c80d42 @ Sun Jul 12 16:58:50 UTC 2026
// 同步 ID: ffc03ae0 @ Sun Jul 12 18:50:28 UTC 2026
// 重构日志: 626e1974
